  Animation.cpp
E:\DeathProject\The-Purge\The-Purge\Engine\include.h(51,42): warning C4305: "inicjowanie": obcięcie z "double" do "float"
  GameManager.cpp
E:\DeathProject\The-Purge\The-Purge\Engine\include.h(51,42): warning C4305: "inicjowanie": obcięcie z "double" do "float"
E:\DeathProject\The-Purge\The-Purge\Engine\GameManager.cpp(20,12): warning C4244: "argument": konwersja z "time_t" do "unsigned int", możliwa utrata danych
  HealthBar.cpp
E:\DeathProject\The-Purge\The-Purge\Engine\include.h(51,42): warning C4305: "inicjowanie": obcięcie z "double" do "float"
  NPC.cpp
E:\DeathProject\The-Purge\The-Purge\Engine\include.h(51,42): warning C4305: "inicjowanie": obcięcie z "double" do "float"
E:\DeathProject\The-Purge\The-Purge\Engine\NPC.cpp(16,50): warning C4244: "argument": konwersja z "int" do "float", możliwa utrata danych
  Player.cpp
E:\DeathProject\The-Purge\The-Purge\Engine\include.h(51,42): warning C4305: "inicjowanie": obcięcie z "double" do "float"
  The-Purge.cpp
E:\DeathProject\The-Purge\The-Purge\Engine\include.h(51,42): warning C4305: "inicjowanie": obcięcie z "double" do "float"
  Trwa generowanie kodu
  1 of 260 functions ( 0.4%) were compiled, the rest were copied from previous compilation.
    0 functions were new in current compilation
    1 functions had inline decision re-evaluated but remain unchanged
  Zakończono generowanie kodu
  The-Purge.vcxproj -> E:\DeathProject\The-Purge\The-Purge\x64\Release\The-Purge.exe
